<?xml version="1.0" encoding="utf-8"?><testsuites name="pytest tests"><testsuite name="pytest" errors="0" failures="0" skipped="0" tests="23" time="11.745" timestamp="2026-02-23T02:33:52.193054+00:00" hostname="agent-env-c5e22fba-e360-4cff-abb9-3de4885b4e34"><testcase classname="backend.tests.test_proof_and_uploads.TestHealthAndBasics" name="test_api_root" time="0.541" /><testcase classname="backend.tests.test_proof_and_uploads.TestHealthAndBasics" name="test_seed_games" time="0.406" /><testcase classname="backend.tests.test_proof_and_uploads.TestHealthAndBasics" name="test_seed_content" time="0.418" /><testcase classname="backend.tests.test_proof_and_uploads.TestAdminLogin" name="test_admin_login_success" time="0.498" /><testcase classname="backend.tests.test_proof_and_uploads.TestAdminLogin" name="test_admin_login_failure" time="0.383" /><testcase classname="backend.tests.test_proof_and_uploads.TestProofOfDemand" name="test_get_all_proofs" time="0.395" /><testcase classname="backend.tests.test_proof_and_uploads.TestProofOfDemand" name="test_create_proof" time="0.397" /><testcase classname="backend.tests.test_proof_and_uploads.TestProofOfDemand" name="test_update_proof" time="0.395" /><testcase classname="backend.tests.test_proof_and_uploads.TestProofOfDemand" name="test_delete_proof" time="0.760" /><testcase classname="backend.tests.test_proof_and_uploads.TestFileUploads" name="test_upload_file_multipart" time="0.619" /><testcase classname="backend.tests.test_proof_and_uploads.TestFileUploads" name="test_upload_file_base64" time="0.754" /><testcase classname="backend.tests.test_proof_and_uploads.TestFileUploads" name="test_upload_invalid_type" time="0.392" /><testcase classname="backend.tests.test_proof_and_uploads.TestContentManagement" name="test_get_all_content" time="0.449" /><testcase classname="backend.tests.test_proof_and_uploads.TestContentManagement" name="test_update_google_doc_url" time="1.099" /><testcase classname="backend.tests.test_proof_and_uploads.TestContentManagement" name="test_update_google_doc_label" time="0.725" /><testcase classname="backend.tests.test_proof_and_uploads.TestContentManagement" name="test_get_specific_content" time="0.406" /><testcase classname="backend.tests.test_proof_and_uploads.TestGamesAPI" name="test_get_active_games" time="0.397" /><testcase classname="backend.tests.test_proof_and_uploads.TestGamesAPI" name="test_get_all_games" time="0.389" /><testcase classname="backend.tests.test_proof_and_uploads.TestClipsAPI" name="test_get_all_clips" time="0.397" /><testcase classname="backend.tests.test_proof_and_uploads.TestCommentsAPI" name="test_get_comments" time="0.383" /><testcase classname="backend.tests.test_proof_and_uploads.TestSubscriptionsAPI" name="test_get_subscriptions" time="0.408" /><testcase classname="backend.tests.test_proof_and_uploads.TestPetitionAPI" name="test_get_petition_count" time="0.443" /><testcase classname="backend.tests.test_proof_and_uploads.TestPetitionAPI" name="test_get_petition_signatures" time="0.565" /></testsuite></testsuites>