<?xml version="1.0" encoding="utf-8"?><testsuites name="pytest tests"><testsuite name="pytest" errors="0" failures="0" skipped="0" tests="14" time="3.320" timestamp="2026-04-03T19:59:25.976688+00:00" hostname="agent-env-c5e22fba-e360-4cff-abb9-3de4885b4e34"><testcase classname="backend.tests.test_neplit.TestHealthEndpoint" name="test_health_returns_healthy" time="0.098" /><testcase classname="backend.tests.test_neplit.TestNeplitLogs" name="test_get_logs_returns_list" time="0.093" /><testcase classname="backend.tests.test_neplit.TestNeplitLogs" name="test_log_structure" time="0.080" /><testcase classname="backend.tests.test_neplit.TestNeplitDocCheck" name="test_doc_check_returns_health_status" time="0.105" /><testcase classname="backend.tests.test_neplit.TestNeplitDocCheck" name="test_doc_check_healthy_when_no_issues" time="0.088" /><testcase classname="backend.tests.test_neplit.TestNeplitExecute" name="test_execute_returns_response" time="0.082" /><testcase classname="backend.tests.test_neplit.TestNeplitExecute" name="test_execute_headline_change" time="0.203" /><testcase classname="backend.tests.test_neplit.TestNeplitExecute" name="test_execute_tagline_change" time="0.098" /><testcase classname="backend.tests.test_neplit.TestNeplitExecute" name="test_execute_vault_headline_change" time="0.092" /><testcase classname="backend.tests.test_neplit.TestNeplitAnalyze" name="test_analyze_returns_plan" time="1.734" /><testcase classname="backend.tests.test_neplit.TestNeplitExport" name="test_export_returns_zip" time="0.153" /><testcase classname="backend.tests.test_neplit.TestAdminLogin" name="test_admin_login_success" time="0.080" /><testcase classname="backend.tests.test_neplit.TestAdminLogin" name="test_admin_login_failure" time="0.090" /><testcase classname="backend.tests.test_neplit.TestCleanup" name="test_restore_default_content" time="0.259" /></testsuite></testsuites>