<?xml version="1.0" encoding="utf-8"?><testsuites name="pytest tests"><testsuite name="pytest" errors="0" failures="0" skipped="0" tests="15" time="18.131" timestamp="2026-04-04T18:03:23.357245+00:00" hostname="agent-env-c5e22fba-e360-4cff-abb9-3de4885b4e34"><testcase classname="backend.tests.test_nep.TestNepSessions" name="test_get_sessions_returns_list" time="0.278" /><testcase classname="backend.tests.test_nep.TestNepSessions" name="test_session_structure" time="0.107" /><testcase classname="backend.tests.test_nep.TestNepChat" name="test_chat_basic_message" time="1.375" /><testcase classname="backend.tests.test_nep.TestNepChat" name="test_chat_with_existing_session" time="3.167" /><testcase classname="backend.tests.test_nep.TestNepChat" name="test_chat_with_url_analysis" time="1.663" /><testcase classname="backend.tests.test_nep.TestNepChat" name="test_chat_proposal_generation" time="1.422" /><testcase classname="backend.tests.test_nep.TestNepSessionDetail" name="test_get_session_detail" time="1.206" /><testcase classname="backend.tests.test_nep.TestNepSessionDetail" name="test_get_nonexistent_session" time="0.090" /><testcase classname="backend.tests.test_nep.TestNepConfirm" name="test_confirm_requires_session" time="0.076" /><testcase classname="backend.tests.test_nep.TestNepConfirm" name="test_confirm_invalid_index" time="1.516" /><testcase classname="backend.tests.test_nep.TestNepSessionDelete" name="test_delete_session" time="1.470" /><testcase classname="backend.tests.test_nep.TestNepSessionDelete" name="test_delete_nonexistent_session" time="0.085" /><testcase classname="backend.tests.test_nep.TestNepPersonality" name="test_personality_in_responses" time="2.720" /><testcase classname="backend.tests.test_nep.TestNepIntegration" name="test_full_proposal_flow" time="2.235" /><testcase classname="backend.tests.test_nep.TestCleanup" name="test_cleanup_test_sessions" time="0.620" /></testsuite></testsuites>