<?xml version="1.0" encoding="utf-8"?><testsuites name="pytest tests"><testsuite name="pytest" errors="0" failures="1" skipped="0" tests="22" time="13.678" timestamp="2026-03-01T04:12:12.184270+00:00" hostname="agent-env-c5e22fba-e360-4cff-abb9-3de4885b4e34"><testcase classname="backend.tests.test_feature_expansion.TestChatAPI" name="test_chat_endpoint_works" time="0.845"><failure message="AssertionError: Chat API failed: {&quot;detail&quot;:&quot;Chat error: Failed to generate chat completion: litellm.BadRequestError: OpenAIException - Budget has been exceeded! Current cost: 0.007947, Max budget: 0.001&quot;}&#10;assert 500 == 200&#10; +  where 500 = &lt;Response [500]&gt;.status_code">backend/tests/test_feature_expansion.py:26: in test_chat_endpoint_works
    assert response.status_code == 200, f"Chat API failed: {response.text}"
E   AssertionError: Chat API failed: {"detail":"Chat error: Failed to generate chat completion: litellm.BadRequestError: OpenAIException - Budget has been exceeded! Current cost: 0.007947, Max budget: 0.001"}
E   assert 500 == 200
E    +  where 500 = &lt;Response [500]&gt;.status_code</failure></testcase><testcase classname="backend.tests.test_feature_expansion.TestChatAPI" name="test_chat_maintains_session" time="9.665" /><testcase classname="backend.tests.test_feature_expansion.TestVotesAPI" name="test_get_votes_returns_structure" time="0.193" /><testcase classname="backend.tests.test_feature_expansion.TestVotesAPI" name="test_cast_vote_for_valid_game" time="0.382" /><testcase classname="backend.tests.test_feature_expansion.TestVotesAPI" name="test_cast_vote_invalid_game_rejected" time="0.092" /><testcase classname="backend.tests.test_feature_expansion.TestVotesAPI" name="test_vote_counts_increment" time="0.502" /><testcase classname="backend.tests.test_feature_expansion.TestCreatorSubmissionsAPI" name="test_submit_creator_content" time="0.110" /><testcase classname="backend.tests.test_feature_expansion.TestCreatorSubmissionsAPI" name="test_get_all_submissions" time="0.074" /><testcase classname="backend.tests.test_feature_expansion.TestCreatorSubmissionsAPI" name="test_get_submissions_by_status" time="0.074" /><testcase classname="backend.tests.test_feature_expansion.TestCreatorSubmissionsAPI" name="test_update_submission_status" time="0.190" /><testcase classname="backend.tests.test_feature_expansion.TestCreatorSubmissionsAPI" name="test_update_invalid_status_rejected" time="0.178" /><testcase classname="backend.tests.test_feature_expansion.TestCommunityPostsAPI" name="test_create_community_post" time="0.081" /><testcase classname="backend.tests.test_feature_expansion.TestCommunityPostsAPI" name="test_get_community_posts" time="0.075" /><testcase classname="backend.tests.test_feature_expansion.TestCommunityPostsAPI" name="test_update_community_post" time="0.172" /><testcase classname="backend.tests.test_feature_expansion.TestCommunityPostsAPI" name="test_delete_community_post" time="0.280" /><testcase classname="backend.tests.test_feature_expansion.TestSocialFeedAPI" name="test_create_social_feed_item" time="0.092" /><testcase classname="backend.tests.test_feature_expansion.TestSocialFeedAPI" name="test_get_social_feed" time="0.085" /><testcase classname="backend.tests.test_feature_expansion.TestSocialFeedAPI" name="test_delete_social_feed_item" time="0.150" /><testcase classname="backend.tests.test_feature_expansion.TestExistingEndpoints" name="test_games_endpoint" time="0.070" /><testcase classname="backend.tests.test_feature_expansion.TestExistingEndpoints" name="test_admin_login" time="0.077" /><testcase classname="backend.tests.test_feature_expansion.TestExistingEndpoints" name="test_mockups_endpoint" time="0.088" /><testcase classname="backend.tests.test_feature_expansion.TestExistingEndpoints" name="test_content_endpoint" time="0.076" /></testsuite></testsuites>